[0.005s] Invoking command in '/home/etharialle/github/ros_beginner/build/time_sync': CMAKE_PREFIX_PATH=${CMAKE_PREFIX_PATH}:/opt/ros/iron /usr/bin/cmake --build /home/etharialle/github/ros_beginner/build/time_sync -- -j32 -l32
[0.031s] [35m[1mConsolidate compiler generated dependencies of target firstPublisher[0m
[0.043s] [ 50%] Built target firstSubscriber
[0.049s] [ 75%] [32mBuilding CXX object CMakeFiles/firstPublisher.dir/src/first_publisher.cpp.o[0m
[1.533s] In file included from [01m[K/usr/include/x86_64-linux-gnu/c++/11/bits/c++allocator.h:33[m[K,
[1.533s]                  from [01m[K/usr/include/c++/11/bits/allocator.h:46[m[K,
[1.533s]                  from [01m[K/usr/include/c++/11/unordered_map:40[m[K,
[1.533s]                  from [01m[K/usr/include/c++/11/functional:61[m[K,
[1.533s]                  from [01m[K/home/etharialle/github/ros_beginner/src/time_sync/src/first_publisher.cpp:2[m[K:
[1.533s] /usr/include/c++/11/ext/new_allocator.h: In instantiation of ‘[01m[Kvoid __gnu_cxx::new_allocator<_Tp>::construct(_Up*, _Args&& ...) [with _Up = MinimalPublisher; _Args = {}; _Tp = MinimalPublisher][m[K’:
[1.533s] [01m[K/usr/include/c++/11/bits/alloc_traits.h:516:17:[m[K   required from ‘[01m[Kstatic void std::allocator_traits<std::allocator<_Tp1> >::construct(std::allocator_traits<std::allocator<_Tp1> >::allocator_type&, _Up*, _Args&& ...) [with _Up = MinimalPublisher; _Args = {}; _Tp = MinimalPublisher; std::allocator_traits<std::allocator<_Tp1> >::allocator_type = std::allocator<MinimalPublisher>][m[K’
[1.533s] [01m[K/usr/include/c++/11/bits/shared_ptr_base.h:519:39:[m[K   required from ‘[01m[Kstd::_Sp_counted_ptr_inplace<_Tp, _Alloc, _Lp>::_Sp_counted_ptr_inplace(_Alloc, _Args&& ...) [with _Args = {}; _Tp = MinimalPublisher; _Alloc = std::allocator<MinimalPublisher>; __gnu_cxx::_Lock_policy _Lp = __gnu_cxx::_S_atomic][m[K’
[1.533s] [01m[K/usr/include/c++/11/bits/shared_ptr_base.h:650:16:[m[K   required from ‘[01m[Kstd::__shared_count<_Lp>::__shared_count(_Tp*&, std::_Sp_alloc_shared_tag<_Alloc>, _Args&& ...) [with _Tp = MinimalPublisher; _Alloc = std::allocator<MinimalPublisher>; _Args = {}; __gnu_cxx::_Lock_policy _Lp = __gnu_cxx::_S_atomic][m[K’
[1.533s] [01m[K/usr/include/c++/11/bits/shared_ptr_base.h:1342:14:[m[K   required from ‘[01m[Kstd::__shared_ptr<_Tp, _Lp>::__shared_ptr(std::_Sp_alloc_shared_tag<_Tp>, _Args&& ...) [with _Alloc = std::allocator<MinimalPublisher>; _Args = {}; _Tp = MinimalPublisher; __gnu_cxx::_Lock_policy _Lp = __gnu_cxx::_S_atomic][m[K’
[1.533s] [01m[K/usr/include/c++/11/bits/shared_ptr.h:409:59:[m[K   required from ‘[01m[Kstd::shared_ptr<_Tp>::shared_ptr(std::_Sp_alloc_shared_tag<_Tp>, _Args&& ...) [with _Alloc = std::allocator<MinimalPublisher>; _Args = {}; _Tp = MinimalPublisher][m[K’
[1.533s] [01m[K/usr/include/c++/11/bits/shared_ptr.h:862:14:[m[K   required from ‘[01m[Kstd::shared_ptr<_Tp> std::allocate_shared(const _Alloc&, _Args&& ...) [with _Tp = MinimalPublisher; _Alloc = std::allocator<MinimalPublisher>; _Args = {}][m[K’
[1.533s] [01m[K/usr/include/c++/11/bits/shared_ptr.h:878:39:[m[K   required from ‘[01m[Kstd::shared_ptr<_Tp> std::make_shared(_Args&& ...) [with _Tp = MinimalPublisher; _Args = {}][m[K’
[1.533s] [01m[K/home/etharialle/github/ros_beginner/src/time_sync/src/first_publisher.cpp:55:50:[m[K   required from here
[1.533s] [01m[K/usr/include/c++/11/ext/new_allocator.h:162:11:[m[K [01;31m[Kerror: [m[Kno matching function for call to ‘[01m[KMinimalPublisher::MinimalPublisher()[m[K’
[1.533s]   162 |         { [01;31m[K::new((void *)__p) _Up(std::forward<_Args>(__args)...)[m[K; }
[1.533s]       |           [01;31m[K^~~~~~~~~~~~~~~~~~~~~~~~~~~~~~~~~~~~~~~~~~~~~~~~~~~~~~[m[K
[1.533s] [01m[K/home/etharialle/github/ros_beginner/src/time_sync/src/first_publisher.cpp:19:5:[m[K [01;36m[Knote: [m[Kcandidate: ‘[01m[KMinimalPublisher::MinimalPublisher(const string&)[m[K’
[1.533s]    19 |     [01;36m[KMinimalPublisher[m[K(const std::string &config_file)
[1.533s]       |     [01;36m[K^~~~~~~~~~~~~~~~[m[K
[1.533s] [01m[K/home/etharialle/github/ros_beginner/src/time_sync/src/first_publisher.cpp:19:5:[m[K [01;36m[Knote: [m[K  candidate expects 1 argument, 0 provided
[1.595s] gmake[2]: *** [CMakeFiles/firstPublisher.dir/build.make:76: CMakeFiles/firstPublisher.dir/src/first_publisher.cpp.o] Error 1
[1.595s] gmake[1]: *** [CMakeFiles/Makefile2:139: CMakeFiles/firstPublisher.dir/all] Error 2
[1.596s] gmake: *** [Makefile:146: all] Error 2
[1.597s] Invoked command in '/home/etharialle/github/ros_beginner/build/time_sync' returned '2': CMAKE_PREFIX_PATH=${CMAKE_PREFIX_PATH}:/opt/ros/iron /usr/bin/cmake --build /home/etharialle/github/ros_beginner/build/time_sync -- -j32 -l32
