[0.005s] Invoking command in '/home/etharialle/github/ros_beginner/build/time_sync': CMAKE_PREFIX_PATH=${CMAKE_PREFIX_PATH}:/opt/ros/iron /usr/bin/cmake --build /home/etharialle/github/ros_beginner/build/time_sync -- -j32 -l32
[0.020s] -- Found ament_cmake: 2.0.6 (/opt/ros/iron/share/ament_cmake/cmake)
[0.101s] -- Found rclcpp: 21.0.7 (/opt/ros/iron/share/rclcpp/cmake)
[0.113s] -- Found rosidl_generator_c: 4.0.1 (/opt/ros/iron/share/rosidl_generator_c/cmake)
[0.116s] -- Found rosidl_generator_cpp: 4.0.1 (/opt/ros/iron/share/rosidl_generator_cpp/cmake)
[0.122s] -- Using all available rosidl_typesupport_c: rosidl_typesupport_fastrtps_c;rosidl_typesupport_introspection_c
[0.128s] -- Using all available rosidl_typesupport_cpp: rosidl_typesupport_fastrtps_cpp;rosidl_typesupport_introspection_cpp
[0.197s] -- Found rmw_implementation_cmake: 7.1.0 (/opt/ros/iron/share/rmw_implementation_cmake/cmake)
[0.198s] -- Found rmw_fastrtps_cpp: 7.1.4 (/opt/ros/iron/share/rmw_fastrtps_cpp/cmake)
[0.262s] -- Using RMW implementation 'rmw_fastrtps_cpp' as default
[0.339s] -- Found std_msgs: 5.0.1 (/opt/ros/iron/share/std_msgs/cmake)
[0.353s] -- Found ament_lint_auto: 0.14.4 (/opt/ros/iron/share/ament_lint_auto/cmake)
[0.392s] -- Added test 'cppcheck' to perform static code analysis on C / C++ code
[0.393s] -- Configured cppcheck include dirs: 
[0.393s] -- Configured cppcheck exclude dirs and/or files: 
[0.393s] -- Added test 'lint_cmake' to check CMake code style
[0.394s] -- Added test 'uncrustify' to check C / C++ code style
[0.394s] -- Configured uncrustify additional arguments: 
[0.394s] -- Added test 'xmllint' to check XML markup files
[0.394s] -- Configuring done
[0.401s] -- Generating done
[0.402s] -- Build files have been written to: /home/etharialle/github/ros_beginner/build/time_sync
[0.419s] [35m[1mConsolidate compiler generated dependencies of target firstSubscriber[0m
[0.419s] [35m[1mConsolidate compiler generated dependencies of target firstPublisher[0m
[0.432s] [ 25%] [32mBuilding CXX object CMakeFiles/firstPublisher.dir/src/first_publisher.cpp.o[0m
[0.432s] [ 75%] Built target firstSubscriber
[2.326s] [100%] [32m[1mLinking CXX executable firstPublisher[0m
[2.412s] [100%] Built target firstPublisher
[2.418s] Invoked command in '/home/etharialle/github/ros_beginner/build/time_sync' returned '0': CMAKE_PREFIX_PATH=${CMAKE_PREFIX_PATH}:/opt/ros/iron /usr/bin/cmake --build /home/etharialle/github/ros_beginner/build/time_sync -- -j32 -l32
[2.442s] Invoking command in '/home/etharialle/github/ros_beginner/build/time_sync': CMAKE_PREFIX_PATH=${CMAKE_PREFIX_PATH}:/opt/ros/iron /usr/bin/cmake --install /home/etharialle/github/ros_beginner/build/time_sync
[2.449s] -- Install configuration: ""
[2.449s] -- Installing: /home/etharialle/github/ros_beginner/install/time_sync/lib/time_sync/firstPublisher
[2.450s] -- Set runtime path of "/home/etharialle/github/ros_beginner/install/time_sync/lib/time_sync/firstPublisher" to ""
[2.450s] -- Up-to-date: /home/etharialle/github/ros_beginner/install/time_sync/lib/time_sync/firstSubscriber
[2.450s] -- Up-to-date: /home/etharialle/github/ros_beginner/install/time_sync/share/ament_index/resource_index/package_run_dependencies/time_sync
[2.451s] -- Up-to-date: /home/etharialle/github/ros_beginner/install/time_sync/share/ament_index/resource_index/parent_prefix_path/time_sync
[2.451s] -- Up-to-date: /home/etharialle/github/ros_beginner/install/time_sync/share/time_sync/environment/ament_prefix_path.sh
[2.451s] -- Up-to-date: /home/etharialle/github/ros_beginner/install/time_sync/share/time_sync/environment/ament_prefix_path.dsv
[2.451s] -- Up-to-date: /home/etharialle/github/ros_beginner/install/time_sync/share/time_sync/environment/path.sh
[2.451s] -- Up-to-date: /home/etharialle/github/ros_beginner/install/time_sync/share/time_sync/environment/path.dsv
[2.451s] -- Up-to-date: /home/etharialle/github/ros_beginner/install/time_sync/share/time_sync/local_setup.bash
[2.451s] -- Up-to-date: /home/etharialle/github/ros_beginner/install/time_sync/share/time_sync/local_setup.sh
[2.451s] -- Up-to-date: /home/etharialle/github/ros_beginner/install/time_sync/share/time_sync/local_setup.zsh
[2.451s] -- Up-to-date: /home/etharialle/github/ros_beginner/install/time_sync/share/time_sync/local_setup.dsv
[2.451s] -- Installing: /home/etharialle/github/ros_beginner/install/time_sync/share/time_sync/package.dsv
[2.451s] -- Up-to-date: /home/etharialle/github/ros_beginner/install/time_sync/share/ament_index/resource_index/packages/time_sync
[2.452s] -- Up-to-date: /home/etharialle/github/ros_beginner/install/time_sync/share/time_sync/cmake/time_syncConfig.cmake
[2.452s] -- Up-to-date: /home/etharialle/github/ros_beginner/install/time_sync/share/time_sync/cmake/time_syncConfig-version.cmake
[2.452s] -- Up-to-date: /home/etharialle/github/ros_beginner/install/time_sync/share/time_sync/package.xml
[2.453s] Invoked command in '/home/etharialle/github/ros_beginner/build/time_sync' returned '0': CMAKE_PREFIX_PATH=${CMAKE_PREFIX_PATH}:/opt/ros/iron /usr/bin/cmake --install /home/etharialle/github/ros_beginner/build/time_sync
