[0.005s] Invoking command in '/home/etharialle/github/ros_beginner/build/time_sync': CMAKE_PREFIX_PATH=${CMAKE_PREFIX_PATH}:/opt/ros/iron /usr/bin/cmake --build /home/etharialle/github/ros_beginner/build/time_sync -- -j32 -l32
[0.020s] -- Found ament_cmake: 2.0.6 (/opt/ros/iron/share/ament_cmake/cmake)
[0.117s] -- Found rclcpp: 21.0.7 (/opt/ros/iron/share/rclcpp/cmake)
[0.129s] -- Found rosidl_generator_c: 4.0.1 (/opt/ros/iron/share/rosidl_generator_c/cmake)
[0.132s] -- Found rosidl_generator_cpp: 4.0.1 (/opt/ros/iron/share/rosidl_generator_cpp/cmake)
[0.138s] -- Using all available rosidl_typesupport_c: rosidl_typesupport_fastrtps_c;rosidl_typesupport_introspection_c
[0.144s] -- Using all available rosidl_typesupport_cpp: rosidl_typesupport_fastrtps_cpp;rosidl_typesupport_introspection_cpp
[0.213s] -- Found rmw_implementation_cmake: 7.1.0 (/opt/ros/iron/share/rmw_implementation_cmake/cmake)
[0.213s] -- Found rmw_fastrtps_cpp: 7.1.4 (/opt/ros/iron/share/rmw_fastrtps_cpp/cmake)
[0.276s] -- Using RMW implementation 'rmw_fastrtps_cpp' as default
[0.350s] -- Found std_msgs: 5.0.1 (/opt/ros/iron/share/std_msgs/cmake)
[0.365s] -- Found ament_lint_auto: 0.14.4 (/opt/ros/iron/share/ament_lint_auto/cmake)
[0.393s] -- Added test 'cppcheck' to perform static code analysis on C / C++ code
[0.393s] -- Configured cppcheck include dirs: 
[0.393s] -- Configured cppcheck exclude dirs and/or files: 
[0.393s] -- Added test 'lint_cmake' to check CMake code style
[0.393s] -- Added test 'uncrustify' to check C / C++ code style
[0.393s] -- Configured uncrustify additional arguments: 
[0.393s] -- Added test 'xmllint' to check XML markup files
[0.394s] -- Configuring done
[0.398s] -- Generating done
[0.399s] -- Build files have been written to: /home/etharialle/github/ros_beginner/build/time_sync
[0.413s] [35m[1mConsolidate compiler generated dependencies of target firstSubscriber[0m
[0.415s] [35m[1mConsolidate compiler generated dependencies of target firstPublisher[0m
[0.423s] [ 50%] Built target firstSubscriber
[0.425s] [100%] Built target firstPublisher
[0.433s] Invoked command in '/home/etharialle/github/ros_beginner/build/time_sync' returned '0': CMAKE_PREFIX_PATH=${CMAKE_PREFIX_PATH}:/opt/ros/iron /usr/bin/cmake --build /home/etharialle/github/ros_beginner/build/time_sync -- -j32 -l32
[0.511s] Invoking command in '/home/etharialle/github/ros_beginner/build/time_sync': CMAKE_PREFIX_PATH=${CMAKE_PREFIX_PATH}:/opt/ros/iron /usr/bin/cmake --install /home/etharialle/github/ros_beginner/build/time_sync
[0.516s] -- Install configuration: ""
[0.516s] -- Up-to-date: /home/etharialle/github/ros_beginner/install/time_sync/lib/time_sync/firstPublisher
[0.516s] -- Up-to-date: /home/etharialle/github/ros_beginner/install/time_sync/lib/time_sync/firstSubscriber
[0.516s] -- Installing: /home/etharialle/github/ros_beginner/install/time_sync/share/ament_index/resource_index/package_run_dependencies/time_sync
[0.516s] -- Up-to-date: /home/etharialle/github/ros_beginner/install/time_sync/share/ament_index/resource_index/parent_prefix_path/time_sync
[0.516s] -- Up-to-date: /home/etharialle/github/ros_beginner/install/time_sync/share/time_sync/environment/ament_prefix_path.sh
[0.516s] -- Up-to-date: /home/etharialle/github/ros_beginner/install/time_sync/share/time_sync/environment/ament_prefix_path.dsv
[0.516s] -- Up-to-date: /home/etharialle/github/ros_beginner/install/time_sync/share/time_sync/environment/path.sh
[0.517s] -- Up-to-date: /home/etharialle/github/ros_beginner/install/time_sync/share/time_sync/environment/path.dsv
[0.517s] -- Up-to-date: /home/etharialle/github/ros_beginner/install/time_sync/share/time_sync/local_setup.bash
[0.517s] -- Up-to-date: /home/etharialle/github/ros_beginner/install/time_sync/share/time_sync/local_setup.sh
[0.517s] -- Up-to-date: /home/etharialle/github/ros_beginner/install/time_sync/share/time_sync/local_setup.zsh
[0.518s] -- Up-to-date: /home/etharialle/github/ros_beginner/install/time_sync/share/time_sync/local_setup.dsv
[0.518s] -- Installing: /home/etharialle/github/ros_beginner/install/time_sync/share/time_sync/package.dsv
[0.518s] -- Up-to-date: /home/etharialle/github/ros_beginner/install/time_sync/share/ament_index/resource_index/packages/time_sync
[0.518s] -- Up-to-date: /home/etharialle/github/ros_beginner/install/time_sync/share/time_sync/cmake/time_syncConfig.cmake
[0.518s] -- Up-to-date: /home/etharialle/github/ros_beginner/install/time_sync/share/time_sync/cmake/time_syncConfig-version.cmake
[0.518s] -- Installing: /home/etharialle/github/ros_beginner/install/time_sync/share/time_sync/package.xml
[0.518s] Invoked command in '/home/etharialle/github/ros_beginner/build/time_sync' returned '0': CMAKE_PREFIX_PATH=${CMAKE_PREFIX_PATH}:/opt/ros/iron /usr/bin/cmake --install /home/etharialle/github/ros_beginner/build/time_sync
