[0.005s] Invoking command in '/home/etharialle/github/ros_beginner/build/time_sync': CMAKE_PREFIX_PATH=${CMAKE_PREFIX_PATH}:/opt/ros/iron /usr/bin/cmake --build /home/etharialle/github/ros_beginner/build/time_sync -- -j32 -l32
[0.019s] -- Found ament_cmake: 2.0.6 (/opt/ros/iron/share/ament_cmake/cmake)
[0.114s] -- Found rclcpp: 21.0.7 (/opt/ros/iron/share/rclcpp/cmake)
[0.126s] -- Found rosidl_generator_c: 4.0.1 (/opt/ros/iron/share/rosidl_generator_c/cmake)
[0.130s] -- Found rosidl_generator_cpp: 4.0.1 (/opt/ros/iron/share/rosidl_generator_cpp/cmake)
[0.135s] -- Using all available rosidl_typesupport_c: rosidl_typesupport_fastrtps_c;rosidl_typesupport_introspection_c
[0.142s] -- Using all available rosidl_typesupport_cpp: rosidl_typesupport_fastrtps_cpp;rosidl_typesupport_introspection_cpp
[0.210s] -- Found rmw_implementation_cmake: 7.1.0 (/opt/ros/iron/share/rmw_implementation_cmake/cmake)
[0.211s] -- Found rmw_fastrtps_cpp: 7.1.4 (/opt/ros/iron/share/rmw_fastrtps_cpp/cmake)
[0.273s] -- Using RMW implementation 'rmw_fastrtps_cpp' as default
[0.357s] -- Found std_msgs: 5.0.1 (/opt/ros/iron/share/std_msgs/cmake)
[0.371s] -- Found ament_lint_auto: 0.14.4 (/opt/ros/iron/share/ament_lint_auto/cmake)
[0.400s] -- Added test 'cppcheck' to perform static code analysis on C / C++ code
[0.400s] -- Configured cppcheck include dirs: 
[0.400s] -- Configured cppcheck exclude dirs and/or files: 
[0.400s] -- Added test 'flake8' to check Python code syntax and style conventions
[0.400s] -- Configured 'flake8' exclude dirs and/or files: 
[0.401s] -- Added test 'lint_cmake' to check CMake code style
[0.401s] -- Added test 'pep257' to check Python code against some of the docstring style conventions in PEP 257
[0.401s] -- Added test 'uncrustify' to check C / C++ code style
[0.401s] -- Configured uncrustify additional arguments: 
[0.401s] -- Added test 'xmllint' to check XML markup files
[0.401s] -- Configuring done
[0.406s] -- Generating done
[0.406s] -- Build files have been written to: /home/etharialle/github/ros_beginner/build/time_sync
[0.420s] [35m[1mConsolidate compiler generated dependencies of target firstPublisher[0m
[0.420s] [35m[1mConsolidate compiler generated dependencies of target firstSubscriber[0m
[0.432s] [ 50%] Built target firstPublisher
[0.432s] [100%] Built target firstSubscriber
[0.437s] Invoked command in '/home/etharialle/github/ros_beginner/build/time_sync' returned '0': CMAKE_PREFIX_PATH=${CMAKE_PREFIX_PATH}:/opt/ros/iron /usr/bin/cmake --build /home/etharialle/github/ros_beginner/build/time_sync -- -j32 -l32
[0.454s] Invoking command in '/home/etharialle/github/ros_beginner/build/time_sync': CMAKE_PREFIX_PATH=${CMAKE_PREFIX_PATH}:/opt/ros/iron /usr/bin/cmake --install /home/etharialle/github/ros_beginner/build/time_sync
[0.457s] -- Install configuration: ""
[0.457s] -- Up-to-date: /home/etharialle/github/ros_beginner/install/time_sync/lib/time_sync/firstPublisher
[0.457s] -- Up-to-date: /home/etharialle/github/ros_beginner/install/time_sync/lib/time_sync/firstSubscriber
[0.457s] [31mCMake Error at cmake_install.cmake:86 (file):
[0.458s]   file INSTALL cannot find
[0.458s]   "/home/etharialle/github/ros_beginner/src/time_sync/first_publisher.yaml":
[0.458s]   No such file or directory.
[0.458s] 
[0.458s] [0m
[0.458s] Invoked command in '/home/etharialle/github/ros_beginner/build/time_sync' returned '1': CMAKE_PREFIX_PATH=${CMAKE_PREFIX_PATH}:/opt/ros/iron /usr/bin/cmake --install /home/etharialle/github/ros_beginner/build/time_sync
