[0.005s] Invoking command in '/home/etharialle/github/ros_beginner/build/time_sync': CMAKE_PREFIX_PATH=${CMAKE_PREFIX_PATH}:/opt/ros/iron /usr/bin/cmake --build /home/etharialle/github/ros_beginner/build/time_sync -- -j32 -l32
[0.019s] -- Found ament_cmake: 2.0.6 (/opt/ros/iron/share/ament_cmake/cmake)
[0.124s] -- Found rclcpp: 21.0.7 (/opt/ros/iron/share/rclcpp/cmake)
[0.136s] -- Found rosidl_generator_c: 4.0.1 (/opt/ros/iron/share/rosidl_generator_c/cmake)
[0.140s] -- Found rosidl_generator_cpp: 4.0.1 (/opt/ros/iron/share/rosidl_generator_cpp/cmake)
[0.145s] -- Using all available rosidl_typesupport_c: rosidl_typesupport_fastrtps_c;rosidl_typesupport_introspection_c
[0.152s] -- Using all available rosidl_typesupport_cpp: rosidl_typesupport_fastrtps_cpp;rosidl_typesupport_introspection_cpp
[0.220s] -- Found rmw_implementation_cmake: 7.1.0 (/opt/ros/iron/share/rmw_implementation_cmake/cmake)
[0.221s] -- Found rmw_fastrtps_cpp: 7.1.4 (/opt/ros/iron/share/rmw_fastrtps_cpp/cmake)
[0.272s] -- Using RMW implementation 'rmw_fastrtps_cpp' as default
[0.344s] -- Found std_msgs: 5.0.1 (/opt/ros/iron/share/std_msgs/cmake)
[0.362s] -- Found ament_lint_auto: 0.14.4 (/opt/ros/iron/share/ament_lint_auto/cmake)
[0.392s] -- Added test 'cppcheck' to perform static code analysis on C / C++ code
[0.393s] -- Configured cppcheck include dirs: 
[0.393s] -- Configured cppcheck exclude dirs and/or files: 
[0.393s] -- Added test 'lint_cmake' to check CMake code style
[0.393s] -- Added test 'uncrustify' to check C / C++ code style
[0.393s] -- Configured uncrustify additional arguments: 
[0.393s] -- Added test 'xmllint' to check XML markup files
[0.393s] -- Configuring done
[0.398s] -- Generating done
[0.399s] -- Build files have been written to: /home/etharialle/github/ros_beginner/build/time_sync
[0.413s] [35m[1mConsolidate compiler generated dependencies of target firstPublisher[0m
[0.413s] [35m[1mConsolidate compiler generated dependencies of target firstSubscriber[0m
[0.425s] [ 25%] [32mBuilding CXX object CMakeFiles/firstPublisher.dir/src/first_publisher.cpp.o[0m
[0.426s] [ 75%] Built target firstSubscriber
[1.843s] In file included from [01m[K/usr/include/x86_64-linux-gnu/c++/11/bits/c++allocator.h:33[m[K,
[1.843s]                  from [01m[K/usr/include/c++/11/bits/allocator.h:46[m[K,
[1.843s]                  from [01m[K/usr/include/c++/11/unordered_map:40[m[K,
[1.843s]                  from [01m[K/usr/include/c++/11/functional:61[m[K,
[1.843s]                  from [01m[K/home/etharialle/github/ros_beginner/src/time_sync/src/first_publisher.cpp:2[m[K:
[1.843s] /usr/include/c++/11/ext/new_allocator.h: In instantiation of ‘[01m[Kvoid __gnu_cxx::new_allocator<_Tp>::construct(_Up*, _Args&& ...) [with _Up = MinimalPublisher; _Args = {}; _Tp = MinimalPublisher][m[K’:
[1.843s] [01m[K/usr/include/c++/11/bits/alloc_traits.h:516:17:[m[K   required from ‘[01m[Kstatic void std::allocator_traits<std::allocator<_Tp1> >::construct(std::allocator_traits<std::allocator<_Tp1> >::allocator_type&, _Up*, _Args&& ...) [with _Up = MinimalPublisher; _Args = {}; _Tp = MinimalPublisher; std::allocator_traits<std::allocator<_Tp1> >::allocator_type = std::allocator<MinimalPublisher>][m[K’
[1.843s] [01m[K/usr/include/c++/11/bits/shared_ptr_base.h:519:39:[m[K   required from ‘[01m[Kstd::_Sp_counted_ptr_inplace<_Tp, _Alloc, _Lp>::_Sp_counted_ptr_inplace(_Alloc, _Args&& ...) [with _Args = {}; _Tp = MinimalPublisher; _Alloc = std::allocator<MinimalPublisher>; __gnu_cxx::_Lock_policy _Lp = __gnu_cxx::_S_atomic][m[K’
[1.843s] [01m[K/usr/include/c++/11/bits/shared_ptr_base.h:650:16:[m[K   required from ‘[01m[Kstd::__shared_count<_Lp>::__shared_count(_Tp*&, std::_Sp_alloc_shared_tag<_Alloc>, _Args&& ...) [with _Tp = MinimalPublisher; _Alloc = std::allocator<MinimalPublisher>; _Args = {}; __gnu_cxx::_Lock_policy _Lp = __gnu_cxx::_S_atomic][m[K’
[1.843s] [01m[K/usr/include/c++/11/bits/shared_ptr_base.h:1342:14:[m[K   required from ‘[01m[Kstd::__shared_ptr<_Tp, _Lp>::__shared_ptr(std::_Sp_alloc_shared_tag<_Tp>, _Args&& ...) [with _Alloc = std::allocator<MinimalPublisher>; _Args = {}; _Tp = MinimalPublisher; __gnu_cxx::_Lock_policy _Lp = __gnu_cxx::_S_atomic][m[K’
[1.843s] [01m[K/usr/include/c++/11/bits/shared_ptr.h:409:59:[m[K   required from ‘[01m[Kstd::shared_ptr<_Tp>::shared_ptr(std::_Sp_alloc_shared_tag<_Tp>, _Args&& ...) [with _Alloc = std::allocator<MinimalPublisher>; _Args = {}; _Tp = MinimalPublisher][m[K’
[1.844s] [01m[K/usr/include/c++/11/bits/shared_ptr.h:862:14:[m[K   required from ‘[01m[Kstd::shared_ptr<_Tp> std::allocate_shared(const _Alloc&, _Args&& ...) [with _Tp = MinimalPublisher; _Alloc = std::allocator<MinimalPublisher>; _Args = {}][m[K’
[1.844s] [01m[K/usr/include/c++/11/bits/shared_ptr.h:878:39:[m[K   required from ‘[01m[Kstd::shared_ptr<_Tp> std::make_shared(_Args&& ...) [with _Tp = MinimalPublisher; _Args = {}][m[K’
[1.844s] [01m[K/home/etharialle/github/ros_beginner/src/time_sync/src/first_publisher.cpp:55:50:[m[K   required from here
[1.844s] [01m[K/usr/include/c++/11/ext/new_allocator.h:162:11:[m[K [01;31m[Kerror: [m[Kno matching function for call to ‘[01m[KMinimalPublisher::MinimalPublisher()[m[K’
[1.844s]   162 |         { [01;31m[K::new((void *)__p) _Up(std::forward<_Args>(__args)...)[m[K; }
[1.844s]       |           [01;31m[K^~~~~~~~~~~~~~~~~~~~~~~~~~~~~~~~~~~~~~~~~~~~~~~~~~~~~~[m[K
[1.844s] [01m[K/home/etharialle/github/ros_beginner/src/time_sync/src/first_publisher.cpp:19:5:[m[K [01;36m[Knote: [m[Kcandidate: ‘[01m[KMinimalPublisher::MinimalPublisher(const string&)[m[K’
[1.844s]    19 |     [01;36m[KMinimalPublisher[m[K(const std::string &config_file)
[1.844s]       |     [01;36m[K^~~~~~~~~~~~~~~~[m[K
[1.844s] [01m[K/home/etharialle/github/ros_beginner/src/time_sync/src/first_publisher.cpp:19:5:[m[K [01;36m[Knote: [m[K  candidate expects 1 argument, 0 provided
[1.904s] gmake[2]: *** [CMakeFiles/firstPublisher.dir/build.make:76: CMakeFiles/firstPublisher.dir/src/first_publisher.cpp.o] Error 1
[1.904s] gmake[1]: *** [CMakeFiles/Makefile2:139: CMakeFiles/firstPublisher.dir/all] Error 2
[1.904s] gmake: *** [Makefile:146: all] Error 2
[1.905s] Invoked command in '/home/etharialle/github/ros_beginner/build/time_sync' returned '2': CMAKE_PREFIX_PATH=${CMAKE_PREFIX_PATH}:/opt/ros/iron /usr/bin/cmake --build /home/etharialle/github/ros_beginner/build/time_sync -- -j32 -l32
