[01m[K/home/etharialle/github/ros_beginner/src/time_sync/src/first_publisher.cpp:[m[K In constructor ‘[01m[KMinimalPublisher::MinimalPublisher()[m[K’:
[01m[K/home/etharialle/github/ros_beginner/src/time_sync/src/first_publisher.cpp:26:59:[m[K [01;31m[Kerror: [m[K‘[01m[Kcurrent_path[m[K’ is not a member of ‘[01m[Kstd::filesystem[m[K’; did you mean ‘[01m[Krcpputils::fs::current_path[m[K’?
   26 |         std::cout << "Current path: " << std::filesystem::[01;31m[Kcurrent_path[m[K() << std::endl;
      |                                                           [01;31m[K^~~~~~~~~~~~[m[K
In file included from [01m[K/opt/ros/iron/include/rclcpp/rclcpp/logger.hpp:26[m[K,
                 from [01m[K/opt/ros/iron/include/rclcpp/rclcpp/logging.hpp:23[m[K,
                 from [01m[K/opt/ros/iron/include/rclcpp/rclcpp/client.hpp:43[m[K,
                 from [01m[K/opt/ros/iron/include/rclcpp/rclcpp/callback_group.hpp:24[m[K,
                 from [01m[K/opt/ros/iron/include/rclcpp/rclcpp/any_executable.hpp:20[m[K,
                 from [01m[K/opt/ros/iron/include/rclcpp/rclcpp/memory_strategy.hpp:25[m[K,
                 from [01m[K/opt/ros/iron/include/rclcpp/rclcpp/memory_strategies.hpp:18[m[K,
                 from [01m[K/opt/ros/iron/include/rclcpp/rclcpp/executor_options.hpp:20[m[K,
                 from [01m[K/opt/ros/iron/include/rclcpp/rclcpp/executor.hpp:37[m[K,
                 from [01m[K/opt/ros/iron/include/rclcpp/rclcpp/executors/multi_threaded_executor.hpp:25[m[K,
                 from [01m[K/opt/ros/iron/include/rclcpp/rclcpp/executors.hpp:21[m[K,
                 from [01m[K/opt/ros/iron/include/rclcpp/rclcpp/rclcpp.hpp:167[m[K,
                 from [01m[K/home/etharialle/github/ros_beginner/src/time_sync/src/first_publisher.cpp:9[m[K:
[01m[K/opt/ros/iron/include/rcpputils/rcpputils/filesystem_helper.hpp:298:23:[m[K [01;36m[Knote: [m[K‘[01m[Krcpputils::fs::current_path[m[K’ declared here
  298 | RCPPUTILS_PUBLIC path [01;36m[Kcurrent_path[m[K();
      |                       [01;36m[K^~~~~~~~~~~~[m[K
gmake[2]: *** [CMakeFiles/firstPublisher.dir/build.make:76: CMakeFiles/firstPublisher.dir/src/first_publisher.cpp.o] Error 1
gmake[1]: *** [CMakeFiles/Makefile2:139: CMakeFiles/firstPublisher.dir/all] Error 2
gmake: *** [Makefile:146: all] Error 2
