[35m[1mConsolidate compiler generated dependencies of target firstSubscriber[0m
[ 50%] Built target firstPublisher
[100%] Built target firstSubscriber
-- Install configuration: ""
-- Up-to-date: /home/etharialle/github/ros_beginner/install/time_sync/lib/time_sync/firstPublisher
-- Up-to-date: /home/etharialle/github/ros_beginner/install/time_sync/share/ament_index/resource_index/package_run_dependencies/time_sync
-- Up-to-date: /home/etharialle/github/ros_beginner/install/time_sync/share/ament_index/resource_index/parent_prefix_path/time_sync
-- Up-to-date: /home/etharialle/github/ros_beginner/install/time_sync/share/time_sync/environment/ament_prefix_path.sh
-- Up-to-date: /home/etharialle/github/ros_beginner/install/time_sync/share/time_sync/environment/ament_prefix_path.dsv
-- Up-to-date: /home/etharialle/github/ros_beginner/install/time_sync/share/time_sync/environment/path.sh
-- Up-to-date: /home/etharialle/github/ros_beginner/install/time_sync/share/time_sync/environment/path.dsv
-- Up-to-date: /home/etharialle/github/ros_beginner/install/time_sync/share/time_sync/local_setup.bash
-- Up-to-date: /home/etharialle/github/ros_beginner/install/time_sync/share/time_sync/local_setup.sh
-- Up-to-date: /home/etharialle/github/ros_beginner/install/time_sync/share/time_sync/local_setup.zsh
-- Up-to-date: /home/etharialle/github/ros_beginner/install/time_sync/share/time_sync/local_setup.dsv
-- Installing: /home/etharialle/github/ros_beginner/install/time_sync/share/time_sync/package.dsv
-- Up-to-date: /home/etharialle/github/ros_beginner/install/time_sync/share/ament_index/resource_index/packages/time_sync
-- Up-to-date: /home/etharialle/github/ros_beginner/install/time_sync/share/time_sync/cmake/time_syncConfig.cmake
-- Up-to-date: /home/etharialle/github/ros_beginner/install/time_sync/share/time_sync/cmake/time_syncConfig-version.cmake
-- Up-to-date: /home/etharialle/github/ros_beginner/install/time_sync/share/time_sync/package.xml
