[0.005s] Invoking command in '/home/etharialle/github/ros_beginner/build/time_sync': CMAKE_PREFIX_PATH=${CMAKE_PREFIX_PATH}:/opt/ros/iron /usr/bin/cmake /home/etharialle/github/ros_beginner/src/time_sync -DCMAKE_INSTALL_PREFIX=/home/etharialle/github/ros_beginner/install/time_sync
[0.044s] -- The C compiler identification is GNU 11.4.0
[0.096s] -- The CXX compiler identification is GNU 11.4.0
[0.101s] -- Detecting C compiler ABI info
[0.219s] -- Detecting C compiler ABI info - done
[0.225s] -- Check for working C compiler: /usr/bin/cc - skipped
[0.225s] -- Detecting C compile features
[0.225s] -- Detecting C compile features - done
[0.226s] -- Detecting CXX compiler ABI info
[0.304s] -- Detecting CXX compiler ABI info - done
[0.308s] -- Check for working CXX compiler: /usr/bin/c++ - skipped
[0.308s] -- Detecting CXX compile features
[0.308s] -- Detecting CXX compile features - done
[0.309s] -- Found ament_cmake: 2.0.6 (/opt/ros/iron/share/ament_cmake/cmake)
[0.448s] -- Found Python3: /usr/bin/python3.10 (found version "3.10.12") found components: Interpreter 
[0.483s] -- Found rclcpp: 21.0.7 (/opt/ros/iron/share/rclcpp/cmake)
[0.499s] -- Found rosidl_generator_c: 4.0.1 (/opt/ros/iron/share/rosidl_generator_c/cmake)
[0.503s] -- Found rosidl_generator_cpp: 4.0.1 (/opt/ros/iron/share/rosidl_generator_cpp/cmake)
[0.509s] -- Using all available rosidl_typesupport_c: rosidl_typesupport_fastrtps_c;rosidl_typesupport_introspection_c
[0.517s] -- Using all available rosidl_typesupport_cpp: rosidl_typesupport_fastrtps_cpp;rosidl_typesupport_introspection_cpp
[0.589s] -- Found rmw_implementation_cmake: 7.1.0 (/opt/ros/iron/share/rmw_implementation_cmake/cmake)
[0.590s] -- Found rmw_fastrtps_cpp: 7.1.4 (/opt/ros/iron/share/rmw_fastrtps_cpp/cmake)
[0.655s] -- Found OpenSSL: /usr/lib/x86_64-linux-gnu/libcrypto.so (found version "3.0.2")  
[0.673s] -- Found FastRTPS: /opt/ros/iron/include  
[0.710s] -- Using RMW implementation 'rmw_fastrtps_cpp' as default
[0.791s] -- Found std_msgs: 5.0.1 (/opt/ros/iron/share/std_msgs/cmake)
[0.807s] -- Found ament_lint_auto: 0.14.4 (/opt/ros/iron/share/ament_lint_auto/cmake)
[0.842s] -- Added test 'cppcheck' to perform static code analysis on C / C++ code
[0.842s] -- Configured cppcheck include dirs: 
[0.842s] -- Configured cppcheck exclude dirs and/or files: 
[0.842s] -- Added test 'lint_cmake' to check CMake code style
[0.843s] -- Added test 'uncrustify' to check C / C++ code style
[0.843s] -- Configured uncrustify additional arguments: 
[0.843s] -- Added test 'xmllint' to check XML markup files
[0.844s] -- Configuring done
[0.845s] [31mCMake Error at CMakeLists.txt:13 (add_executable):
[0.845s]   Cannot find source file:
[0.845s] 
[0.845s]     src/publisher_member_function.cpp
[0.845s] 
[0.845s]   Tried extensions .c .C .c++ .cc .cpp .cxx .cu .mpp .m .M .mm .ixx .cppm .h
[0.845s]   .hh .h++ .hm .hpp .hxx .in .txx .f .F .for .f77 .f90 .f95 .f03 .hip .ispc
[0.845s] 
[0.845s] [0m
[0.845s] [31mCMake Error at CMakeLists.txt:13 (add_executable):
[0.845s]   No SOURCES given to target: firstPublisher
[0.845s] 
[0.845s] [0m
[0.845s] [0mCMake Generate step failed.  Build files cannot be regenerated correctly.[0m
[0.849s] Invoked command in '/home/etharialle/github/ros_beginner/build/time_sync' returned '1': CMAKE_PREFIX_PATH=${CMAKE_PREFIX_PATH}:/opt/ros/iron /usr/bin/cmake /home/etharialle/github/ros_beginner/src/time_sync -DCMAKE_INSTALL_PREFIX=/home/etharialle/github/ros_beginner/install/time_sync
