[0.005s] Invoking command in '/home/etharialle/github/ros_beginner/build/time_sync': CMAKE_PREFIX_PATH=${CMAKE_PREFIX_PATH}:/opt/ros/iron /usr/bin/cmake --build /home/etharialle/github/ros_beginner/build/time_sync -- -j32 -l32
[0.020s] -- Found ament_cmake: 2.0.6 (/opt/ros/iron/share/ament_cmake/cmake)
[0.116s] -- Found ament_index_cpp: 1.5.2 (/opt/ros/iron/share/ament_index_cpp/cmake)
[0.117s] -- Found rclcpp: 21.0.7 (/opt/ros/iron/share/rclcpp/cmake)
[0.132s] -- Found rosidl_generator_c: 4.0.1 (/opt/ros/iron/share/rosidl_generator_c/cmake)
[0.135s] -- Found rosidl_generator_cpp: 4.0.1 (/opt/ros/iron/share/rosidl_generator_cpp/cmake)
[0.141s] -- Using all available rosidl_typesupport_c: rosidl_typesupport_fastrtps_c;rosidl_typesupport_introspection_c
[0.147s] -- Using all available rosidl_typesupport_cpp: rosidl_typesupport_fastrtps_cpp;rosidl_typesupport_introspection_cpp
[0.216s] -- Found rmw_implementation_cmake: 7.1.0 (/opt/ros/iron/share/rmw_implementation_cmake/cmake)
[0.217s] -- Found rmw_fastrtps_cpp: 7.1.4 (/opt/ros/iron/share/rmw_fastrtps_cpp/cmake)
[0.278s] -- Using RMW implementation 'rmw_fastrtps_cpp' as default
[0.353s] -- Found std_msgs: 5.0.1 (/opt/ros/iron/share/std_msgs/cmake)
[0.367s] -- Found ament_lint_auto: 0.14.4 (/opt/ros/iron/share/ament_lint_auto/cmake)
[0.396s] -- Added test 'cppcheck' to perform static code analysis on C / C++ code
[0.396s] -- Configured cppcheck include dirs: 
[0.396s] -- Configured cppcheck exclude dirs and/or files: 
[0.396s] -- Added test 'flake8' to check Python code syntax and style conventions
[0.396s] -- Configured 'flake8' exclude dirs and/or files: 
[0.396s] -- Added test 'lint_cmake' to check CMake code style
[0.396s] -- Added test 'pep257' to check Python code against some of the docstring style conventions in PEP 257
[0.397s] -- Added test 'uncrustify' to check C / C++ code style
[0.397s] -- Configured uncrustify additional arguments: 
[0.397s] -- Added test 'xmllint' to check XML markup files
[0.397s] -- Configuring done
[0.402s] -- Generating done
[0.402s] -- Build files have been written to: /home/etharialle/github/ros_beginner/build/time_sync
[0.416s] [35m[1mConsolidate compiler generated dependencies of target firstSubscriber[0m
[0.417s] [35m[1mConsolidate compiler generated dependencies of target firstPublisher[0m
[0.428s] [ 50%] Built target firstSubscriber
[0.431s] [ 75%] [32mBuilding CXX object CMakeFiles/firstPublisher.dir/src/first_publisher.cpp.o[0m
[1.517s] [01m[K/home/etharialle/github/ros_beginner/src/time_sync/src/first_publisher.cpp:[m[K In constructor ‘[01m[KMinimalPublisher::MinimalPublisher()[m[K’:
[1.517s] [01m[K/home/etharialle/github/ros_beginner/src/time_sync/src/first_publisher.cpp:27:69:[m[K [01;31m[Kerror: [m[Ktoo few arguments to function ‘[01m[Kbool ament_index_cpp::get_resource(const string&, const string&, std::string&, std::string*)[m[K’
[1.518s]    27 |         std::string config_file_path = [01;31m[Kament_index_cpp::get_resource("time_sync", "first_publisher.yaml")[m[K;
[1.518s]       |                                        [01;31m[K~~~~~~~~~~~~~~~~~~~~~~~~~~~~~^~~~~~~~~~~~~~~~~~~~~~~~~~~~~~~~~~~~~[m[K
[1.518s] In file included from [01m[K/home/etharialle/github/ros_beginner/src/time_sync/src/first_publisher.cpp:8[m[K:
[1.518s] [01m[K/opt/ros/iron/include/ament_index_cpp/ament_index_cpp/get_resource.hpp:61:1:[m[K [01;36m[Knote: [m[Kdeclared here
[1.518s]    61 | [01;36m[Kget_resource[m[K(
[1.518s]       | [01;36m[K^~~~~~~~~~~~[m[K
[2.038s] gmake[2]: *** [CMakeFiles/firstPublisher.dir/build.make:76: CMakeFiles/firstPublisher.dir/src/first_publisher.cpp.o] Error 1
[2.038s] gmake[1]: *** [CMakeFiles/Makefile2:139: CMakeFiles/firstPublisher.dir/all] Error 2
[2.038s] gmake: *** [Makefile:146: all] Error 2
[2.040s] Invoked command in '/home/etharialle/github/ros_beginner/build/time_sync' returned '2': CMAKE_PREFIX_PATH=${CMAKE_PREFIX_PATH}:/opt/ros/iron /usr/bin/cmake --build /home/etharialle/github/ros_beginner/build/time_sync -- -j32 -l32
